<?xml version="1.0" encoding="UTF-8"?>
<!-- Generated by org.testng.reporters.JUnitXMLReporter -->
<testsuite ignored="0" hostname="WIN-BU435P63VMI" failures="0" tests="7" name="用户管理系统测试" time="3.753" errors="0" timestamp="12 4月 2023 14:13:17 GMT">
  <testcase classname="com.course.cases.LoginTest" name="loginTrue" time="0.403"/>
  <testcase classname="com.course.cases.LoginTest" name="loginFalse" time="0.03"/>
  <testcase classname="com.course.cases.AddUserTest" name="addUser" time="3.083"/>
  <testcase classname="com.course.cases.UpdateUserInfoTest" name="updateUserInfo" time="0.059"/>
  <testcase classname="com.course.cases.UpdateUserInfoTest" name="deleteUserInfo" time="0.041"/>
  <testcase classname="com.course.cases.GetUserInfoListTest" name="getUserInfoList" time="0.041"/>
  <testcase classname="com.course.cases.GetUserInfoTest" name="getUserInfo" time="0.035"/>
</testsuite> <!-- 用户管理系统测试 -->
