<?xml version="1.0" encoding="UTF-8" ?>
<testsuite tests="7" failures="0" name="TestSuite" time="4.341" errors="0" skipped="0">
  <properties>
[...]
</properties>
  <testcase classname="com.course.cases.LoginTest" name="loginTrue" time="0.403"/>
  <testcase classname="com.course.cases.LoginTest" name="loginFalse" time="0.03"/>
  <testcase classname="com.course.cases.AddUserTest" name="addUser" time="3.083"/>
  <testcase classname="com.course.cases.UpdateUserInfoTest" name="updateUserInfo" time="0.059"/>
  <testcase classname="com.course.cases.UpdateUserInfoTest" name="deleteUserInfo" time="0.041"/>
  <testcase classname="com.course.cases.GetUserInfoListTest" name="getUserInfoList" time="0.041"/>
  <testcase classname="com.course.cases.GetUserInfoTest" name="getUserInfo" time="0.036"/>
</testsuite>